0 info it worked if it ends with ok
1 verbose cli [ '/usr/local/bin/node',
1 verbose cli   '/usr/local/bin/npm',
1 verbose cli   'run',
1 verbose cli   'test-e2e-sauce' ]
2 info using npm@2.14.3
3 info using node@v4.1.0
4 verbose stack Error: missing script: test-e2e-sauce
4 verbose stack     at run (/usr/local/lib/node_modules/npm/lib/run-script.js:142:19)
4 verbose stack     at /usr/local/lib/node_modules/npm/lib/run-script.js:58:5
4 verbose stack     at /usr/local/lib/node_modules/npm/node_modules/read-package-json/read-json.js:345:5
4 verbose stack     at handleExists (/usr/local/lib/node_modules/npm/node_modules/read-package-json/read-json.js:318:20)
4 verbose stack     at FSReqWrap.cb [as oncomplete] (evalmachine.<anonymous>:212:19)
5 verbose cwd /Users/skuma849/Desktop/protractor
6 error Darwin 14.5.0
7 error argv "/usr/local/bin/node" "/usr/local/bin/npm" "run" "test-e2e-sauce"
8 error node v4.1.0
9 error npm  v2.14.3
10 error missing script: test-e2e-sauce
11 error If you need help, you may report this error at:
11 error     <https://github.com/npm/npm/issues>
12 verbose exit [ 1, true ]
